<?xml version="1.0" encoding="UTF-8"?>
<testsuite name="test_register_project_tests.TestTransferRequestTest-20260423105234" tests="5" file="test_register_project_tests.py" time="0.957" timestamp="2026-04-23T10:52:37" failures="0" errors="0" skipped="0">
	<testcase classname="test_register_project_tests.TestTransferRequestTest" name="test_duplicated_project_test" time="0.040" timestamp="2026-04-23T10:52:36"/>
	<testcase classname="test_register_project_tests.TestTransferRequestTest" name="test_parametrized_cases_tests" time="0.858" timestamp="2026-04-23T10:52:37"/>
	<testcase classname="test_register_project_tests.TestTransferRequestTest" name="test_transfer_for_today" time="0.023" timestamp="2026-04-23T10:52:37"/>
	<testcase classname="test_register_project_tests.TestTransferRequestTest" name="test_transfer_for_tomorrow" time="0.024" timestamp="2026-04-23T10:52:37"/>
	<testcase classname="test_register_project_tests.TestTransferRequestTest" name="test_transfer_yesterday_test" time="0.011" timestamp="2026-04-23T10:52:37"/>
</testsuite>
